\BOOKMARK [-1][]{1.-1}{Minera\347\343o de padr\365es frequentes}{}% 1
\BOOKMARK [0][]{2.0}{Objetivos}{1.-1}% 2
\BOOKMARK [0][]{3.0}{Sum\341rio}{1.-1}% 3
\BOOKMARK [0][]{4.0}{Resultado esperado de uma market basket analysis}{1.-1}% 4
\BOOKMARK [0][]{5.0}{Cen\341rios de uso}{1.-1}% 5
\BOOKMARK [0][]{8.0}{Algoritmo Apriori: minera\347\343o de itens frequentes}{1.-1}% 6
\BOOKMARK [0][]{9.0}{Exemplo de transa\347\365es}{1.-1}% 7
\BOOKMARK [0][]{10.0}{Algoritmo Apriori: minera\347\343o de itens frequentes}{1.-1}% 8
\BOOKMARK [0][]{11.0}{Suporte e Confian\347a}{1.-1}% 9
\BOOKMARK [0][]{12.0}{Exemplos de confian\347a}{1.-1}% 10
\BOOKMARK [0][]{13.0}{Exemplo de regras geradas}{1.-1}% 11
\BOOKMARK [0][]{14.0}{Confian\347a}{1.-1}% 12
\BOOKMARK [0][]{16.0}{Exemplo}{1.-1}% 13
\BOOKMARK [0][]{18.0}{Lift ou coeficiente de interesse}{1.-1}% 14
\BOOKMARK [0][]{19.0}{Exemplos}{1.-1}% 15
\BOOKMARK [0][]{20.0}{Medida Lift}{1.-1}% 16
\BOOKMARK [0][]{21.0}{Exemplo b\341sico de uso}{1.-1}% 17
\BOOKMARK [0][]{22.0}{Exemplo: Grocery Store}{1.-1}% 18
\BOOKMARK [0][]{23.0}{Pontos fortes e fracos}{1.-1}% 19
\BOOKMARK [0][]{25.0}{Material de consulta}{1.-1}% 20
