This is pdfTeX, Version 3.1415926-1.40.11 (TeX Live 2010/MacPorts 2010_2) (format=pdflatex 2011.2.19)  17 APR 2013 21:15
entering extended mode
 restricted \write18 enabled.
 %&-line parsing enabled.
**\input agrupamento.tex
(./agrupamento.tex (./jomislides.cls
Document Class: jomislides 2002/05/23
(/opt/local/share/texmf-texlive-dist/tex/latex/seminar/seminar.cls
Document Class: seminar 2008/10/15, 1.5
Document Style: `seminar' v1.5 <2008/10/15> (tvz)
\slidewidth=\dimen102
\slideheight=\dimen103
\footheight=\dimen104
(/opt/local/share/texmf-texlive-dist/tex/latex/base/article.cls
Document Class: article 2007/10/19 v1.4h Standard LaTeX document class
(/opt/local/share/texmf-texlive-dist/tex/latex/base/size10.clo
File: size10.clo 2007/10/19 v1.4h Standard LaTeX file (size option)
)
\c@part=\count79
\c@section=\count80
\c@subsection=\count81
\c@subsubsection=\count82
\c@paragraph=\count83
\c@subparagraph=\count84
\c@figure=\count85
\c@table=\count86
\abovecaptionskip=\skip41
\belowcaptionskip=\skip42
\bibindent=\dimen105
)
(/opt/local/share/texmf-texlive-dist/tex/latex/seminar/sem-page.sty)
\before@document=\toks14
\after@document=\toks15
\before@enddocument=\toks16
\c@slide=\count87
\slide@count=\count88
\@slidebox=\box26
\not@slidebox=\box27
\slide@hook=\toks17
\after@slide=\toks18
\slide@footins=\insert233
\slide@listdepth=\count89
\saved@specials=\box28
\before@newslide=\toks19
\after@slidepage=\toks20
\slidesep=\skip43
\c@note=\count90
\slideframewidth=\dimen106
\slideframesep=\dimen107
\semin=\dimen108
\semcm=\dimen109
)
(/opt/local/share/texmf-texlive-dist/tex/latex/base/ifthen.sty
Package: ifthen 2001/05/26 v1.1c Standard LaTeX ifthen package (DPC)
)
(/opt/local/share/texmf-texlive-dist/tex/latex/fancybox/fancybox.sty
Package: fancybox 2010/05/15 1.4

Style option: `fancybox' v1.4 <2010/05/15> (tvz)
\@fancybox=\box29
\shadowsize=\dimen110
\@Sbox=\box30
\do@VerbBox=\toks21
\the@fancyput=\toks22
\this@fancyput=\toks23
\EndVerbatimTokens=\toks24
\Verbatim@Outfile=\write3
\Verbatim@Infile=\read1
) (/opt/local/share/texmf-texlive-dist/tex/latex/graphics/color.sty
Package: color 2005/11/14 v1.0j Standard LaTeX Color (DPC)

(/opt/local/share/texmf-texlive-dist/tex/latex/latexconfig/color.cfg
File: color.cfg 2007/01/18 v1.5 color configuration of teTeX/TeXLive
)
Package color Info: Driver file: pdftex.def on input line 130.

(/opt/local/share/texmf-texlive-dist/tex/latex/pdftex-def/pdftex.def
File: pdftex.def 2010/02/14 v0.04n Graphics/color for pdfTeX
\Gread@gobject=\count91
))
(/opt/local/share/texmf-texlive-dist/tex/latex/graphics/graphicx.sty
Package: graphicx 1999/02/16 v1.0f Enhanced LaTeX Graphics (DPC,SPQR)

(/opt/local/share/texmf-texlive-dist/tex/latex/graphics/keyval.sty
Package: keyval 1999/03/16 v1.13 key=value parser (DPC)
\KV@toks@=\toks25
)
(/opt/local/share/texmf-texlive-dist/tex/latex/graphics/graphics.sty
Package: graphics 2009/02/05 v1.0o Standard LaTeX Graphics (DPC,SPQR)

(/opt/local/share/texmf-texlive-dist/tex/latex/graphics/trig.sty
Package: trig 1999/03/16 v1.09 sin cos tan (DPC)
)
(/opt/local/share/texmf-texlive-dist/tex/latex/latexconfig/graphics.cfg
File: graphics.cfg 2010/04/23 v1.9 graphics configuration of TeX Live
)
Package graphics Info: Driver file: pdftex.def on input line 91.
)
\Gin@req@height=\dimen111
\Gin@req@width=\dimen112
)
(/opt/local/share/texmf-texlive-dist/tex/latex/seminar/slidesec.sty
File `slidesec.sty' v0.9  92/05/07  <tvz>
\@temptokenb=\toks26
\c@slidesection=\count92
\c@slidesubsection=\count93
) (/opt/local/share/texmf-texlive-dist/tex/latex/url/url.sty
\Urlmuskip=\muskip10
Package: url 2006/04/12  ver 3.3  Verb mode for urls, etc.
)
(/opt/local/share/texmf-texlive-dist/tex/latex/hyperref/hyperref.sty
Package: hyperref 2010/06/18 v6.81g Hypertext links for LaTeX

(/opt/local/share/texmf-texlive-dist/tex/generic/oberdiek/ltxcmds.sty
Package: ltxcmds 2010/04/26 v1.7 LaTeX kernel commands for general use (HO)
)
(/opt/local/share/texmf-texlive-dist/tex/generic/oberdiek/kvsetkeys.sty
Package: kvsetkeys 2010/03/01 v1.9 Key value parser (HO)

(/opt/local/share/texmf-texlive-dist/tex/generic/oberdiek/infwarerr.sty
Package: infwarerr 2010/04/08 v1.3 Providing info/warning/message (HO)
)
(/opt/local/share/texmf-texlive-dist/tex/generic/oberdiek/etexcmds.sty
Package: etexcmds 2010/01/28 v1.3 Prefix for e-TeX command names (HO)
Package etexcmds Info: Could not find \expanded.
(etexcmds)             That can mean that you are not using pdfTeX 1.50 or
(etexcmds)             that some package has redefined \expanded.
(etexcmds)             In the latter case, load this package earlier.
))
(/opt/local/share/texmf-texlive-dist/tex/generic/oberdiek/pdfescape.sty
Package: pdfescape 2010/03/01 v1.9 Provides hex, PDF name and string conversion
s (HO)

(/opt/local/share/texmf-texlive-dist/tex/generic/oberdiek/pdftexcmds.sty
Package: pdftexcmds 2010/04/01 v0.9 Utility functions of pdfTeX for LuaTeX (HO)


(/opt/local/share/texmf-texlive-dist/tex/generic/oberdiek/ifluatex.sty
Package: ifluatex 2010/03/01 v1.3 Provides the ifluatex switch (HO)
Package ifluatex Info: LuaTeX not detected.
)
Package pdftexcmds Info: LuaTeX not detected.
Package pdftexcmds Info: \pdf@primitive is available.
Package pdftexcmds Info: \pdf@ifprimitive is available.
))
(/opt/local/share/texmf-texlive-dist/tex/generic/oberdiek/ifpdf.sty
Package: ifpdf 2010/01/28 v2.1 Provides the ifpdf switch (HO)
Package ifpdf Info: pdfTeX in pdf mode detected.
)
(/opt/local/share/texmf-texlive-dist/tex/generic/oberdiek/ifvtex.sty
Package: ifvtex 2010/03/01 v1.5 Switches for detecting VTeX and its modes (HO)
Package ifvtex Info: VTeX not detected.
)
(/opt/local/share/texmf-texlive-dist/tex/generic/ifxetex/ifxetex.sty
Package: ifxetex 2009/01/23 v0.5 Provides ifxetex conditional
)
(/opt/local/share/texmf-texlive-dist/tex/latex/oberdiek/hycolor.sty
Package: hycolor 2009/12/12 v1.6 Color options of hyperref/bookmark (HO)

(/opt/local/share/texmf-texlive-dist/tex/latex/oberdiek/xcolor-patch.sty
Package: xcolor-patch 2009/12/12 xcolor patch
))
(/opt/local/share/texmf-texlive-dist/tex/latex/oberdiek/letltxmacro.sty
Package: letltxmacro 2008/06/24 v1.3 Let assignment for LaTeX macros (HO)
)
\@linkdim=\dimen113
\Hy@linkcounter=\count94
\Hy@pagecounter=\count95

(/opt/local/share/texmf-texlive-dist/tex/latex/hyperref/pd1enc.def
File: pd1enc.def 2010/06/18 v6.81g Hyperref: PDFDocEncoding definition (HO)
)
(/opt/local/share/texmf-texlive-dist/tex/generic/oberdiek/intcalc.sty
Package: intcalc 2007/09/27 v1.1 Expandable integer calculations (HO)
)
(/opt/local/share/texmf-texlive-dist/tex/latex/latexconfig/hyperref.cfg
File: hyperref.cfg 2002/06/06 v1.2 hyperref configuration of TeXLive
)
(/opt/local/share/texmf-texlive-dist/tex/latex/oberdiek/kvoptions.sty
Package: kvoptions 2010/02/22 v3.7 Keyval support for LaTeX options (HO)
)
Package hyperref Info: Hyper figures OFF on input line 3658.
Package hyperref Info: Link nesting OFF on input line 3663.
Package hyperref Info: Hyper index ON on input line 3666.
Package hyperref Info: Plain pages OFF on input line 3673.
Package hyperref Info: Backreferencing OFF on input line 3678.

Implicit mode ON; LaTeX internals redefined
Package hyperref Info: Bookmarks ON on input line 3874.
LaTeX Info: Redefining \url on input line 4159.
(/opt/local/share/texmf-texlive-dist/tex/generic/oberdiek/bitset.sty
Package: bitset 2007/09/28 v1.0 Data type bit set (HO)

(/opt/local/share/texmf-texlive-dist/tex/generic/oberdiek/bigintcalc.sty
Package: bigintcalc 2007/11/11 v1.1 Expandable big integer calculations (HO)
))
\Fld@menulength=\count96
\Field@Width=\dimen114
\Fld@charsize=\dimen115
\Field@toks=\toks27
Package hyperref Info: Hyper figures OFF on input line 5137.
Package hyperref Info: Link nesting OFF on input line 5142.
Package hyperref Info: Hyper index ON on input line 5145.
Package hyperref Info: backreferencing OFF on input line 5152.
Package hyperref Info: Link coloring OFF on input line 5157.
Package hyperref Info: Link coloring with OCG OFF on input line 5162.
Package hyperref Info: PDF/A mode OFF on input line 5167.
LaTeX Info: Redefining \ref on input line 5207.
LaTeX Info: Redefining \pageref on input line 5211.

(/opt/local/share/texmf-texlive-dist/tex/generic/oberdiek/atbegshi.sty
Package: atbegshi 2010/03/25 v1.12 At begin shipout hook (HO)
)
\Hy@abspage=\count97
\c@Item=\count98
\c@Hfootnote=\count99
)
* hyperref using driver hpdftex *
(/opt/local/share/texmf-texlive-dist/tex/latex/hyperref/hpdftex.def
File: hpdftex.def 2010/06/18 v6.81g Hyperref driver for pdfTeX

(/opt/local/share/texmf-texlive-dist/tex/latex/oberdiek/atveryend.sty
Package: atveryend 2010/03/24 v1.5 Hooks at very end of document (HO)
)
\Fld@listcount=\count100
\c@bookmark@seq@number=\count101

(/opt/local/share/texmf-texlive-dist/tex/latex/oberdiek/rerunfilecheck.sty
Package: rerunfilecheck 2010/03/16 v1.6 Rerun checks for auxiliary files (HO)

(/opt/local/share/texmf-texlive-dist/tex/generic/oberdiek/uniquecounter.sty
Package: uniquecounter 2009/12/18 v1.1 Provides unlimited unique counter (HO)
)
Package uniquecounter Info: New unique counter `rerunfilecheck' on input line 2
71.
)
\Hy@SectionHShift=\skip44
)
(./background.sty) (./pagetrans.sty) (./pause.sty)
(/opt/local/share/texmf-texlive-dist/tex/latex/tools/enumerate.sty
Package: enumerate 1999/03/05 v3.00 enumerate extensions (DPC)
\@enLab=\toks28
)
(/opt/local/share/texmf-texlive-dist/tex/latex/tools/multicol.sty
Package: multicol 2008/12/05 v1.6h multicolumn formatting (FMi)
\c@tracingmulticols=\count102
\mult@box=\box31
\multicol@leftmargin=\dimen116
\c@unbalance=\count103
\c@collectmore=\count104
\doublecol@number=\count105
\multicoltolerance=\count106
\multicolpretolerance=\count107
\full@width=\dimen117
\page@free=\dimen118
\premulticols=\dimen119
\postmulticols=\dimen120
\multicolsep=\skip45
\multicolbaselineskip=\skip46
\partial@page=\box32
\last@line=\box33
\mult@rightbox=\box34
\mult@grightbox=\box35
\mult@gfirstbox=\box36
\mult@firstbox=\box37
\@tempa=\box38
\@tempa=\box39
\@tempa=\box40
\@tempa=\box41
\@tempa=\box42
\@tempa=\box43
\@tempa=\box44
\@tempa=\box45
\@tempa=\box46
\@tempa=\box47
\@tempa=\box48
\@tempa=\box49
\@tempa=\box50
\@tempa=\box51
\@tempa=\box52
\@tempa=\box53
\@tempa=\box54
\c@columnbadness=\count108
\c@finalcolumnbadness=\count109
\last@try=\dimen121
\multicolovershoot=\dimen122
\multicolundershoot=\dimen123
\mult@nat@firstbox=\box55
\colbreak@box=\box56
)
(/opt/local/share/texmf-texlive-dist/tex/latex/tools/tabularx.sty
Package: tabularx 1999/01/07 v2.07 `tabularx' package (DPC)

(/opt/local/share/texmf-texlive-dist/tex/latex/tools/array.sty
Package: array 2008/09/09 v2.4c Tabular extension package (FMi)
\col@sep=\dimen124
\extrarowheight=\dimen125
\NC@list=\toks29
\extratabsurround=\skip47
\backup@length=\skip48
)
\TX@col@width=\dimen126
\TX@old@table=\dimen127
\TX@old@col=\dimen128
\TX@target=\dimen129
\TX@delta=\dimen130
\TX@cols=\count110
\TX@ftn=\toks30
)
(/opt/local/share/texmf-texlive-dist/tex/latex/base/inputenc.sty
Package: inputenc 2008/03/30 v1.1d Input encoding file
\inpenc@prehook=\toks31
\inpenc@posthook=\toks32

(/opt/local/share/texmf-texlive-dist/tex/latex/base/latin1.def
File: latin1.def 2008/03/30 v1.1d Input encoding file
))
(/opt/local/share/texmf-texlive-dist/tex/latex/seminar/seminar.bug)
(/opt/local/share/texmf-texlive-dist/tex/latex/seminar/seminar.bg2
seminar.bg2: various corrections for the Seminar document class
added since seminar.bug and few add-ons for overlays
(Version 2.1 of <May 31, 2002> (D.G.))
\Seminar@SlideBoxBackground=\box57
)
Package hyperref Info: Option `bookmarksopen' set `true' on input line 74.
Package hyperref Info: Option `colorlinks' set `true' on input line 78.
Package color Info: Redefining color botcol on input line 83.
Package color Info: Redefining color medcol on input line 84.
 (/opt/local/share/texmf-texlive-dist/tex/latex/colortbl/colortbl.sty
Package: colortbl 2001/02/13 v0.1j Color table columns (DPC)
\everycr=\toks33
\minrowclearance=\skip49
))
(/opt/local/share/texmf-texlive-dist/tex/latex/amsmath/amsmath.sty
Package: amsmath 2000/07/18 v2.13 AMS math features
\@mathmargin=\skip50

For additional information on amsmath, use the `?' option.
(/opt/local/share/texmf-texlive-dist/tex/latex/amsmath/amstext.sty
Package: amstext 2000/06/29 v2.01

(/opt/local/share/texmf-texlive-dist/tex/latex/amsmath/amsgen.sty
File: amsgen.sty 1999/11/30 v2.0
\@emptytoks=\toks34
\ex@=\dimen131
))
(/opt/local/share/texmf-texlive-dist/tex/latex/amsmath/amsbsy.sty
Package: amsbsy 1999/11/29 v1.2d
\pmbraise@=\dimen132
)
(/opt/local/share/texmf-texlive-dist/tex/latex/amsmath/amsopn.sty
Package: amsopn 1999/12/14 v2.01 operator names
)
\inf@bad=\count111
LaTeX Info: Redefining \frac on input line 211.
\uproot@=\count112
\leftroot@=\count113
LaTeX Info: Redefining \overline on input line 307.
\classnum@=\count114
\DOTSCASE@=\count115
LaTeX Info: Redefining \ldots on input line 379.
LaTeX Info: Redefining \dots on input line 382.
LaTeX Info: Redefining \cdots on input line 467.
\Mathstrutbox@=\box58
\strutbox@=\box59
\big@size=\dimen133
LaTeX Font Info:    Redeclaring font encoding OML on input line 567.
LaTeX Font Info:    Redeclaring font encoding OMS on input line 568.
\macc@depth=\count116
\c@MaxMatrixCols=\count117
\dotsspace@=\muskip11
\c@parentequation=\count118
\dspbrk@lvl=\count119
\tag@help=\toks35
\row@=\count120
\column@=\count121
\maxfields@=\count122
\andhelp@=\toks36
\eqnshift@=\dimen134
\alignsep@=\dimen135
\tagshift@=\dimen136
\tagwidth@=\dimen137
\totwidth@=\dimen138
\lineht@=\dimen139
\@envbody=\toks37
\multlinegap=\skip51
\multlinetaggap=\skip52
\mathdisplay@stack=\toks38
LaTeX Info: Redefining \[ on input line 2666.
LaTeX Info: Redefining \] on input line 2667.
)
(/opt/local/share/texmf-texlive-dist/tex/latex/base/makeidx.sty
Package: makeidx 2000/03/29 v1.0m Standard LaTeX package
)
(/opt/local/share/texmf-texlive-dist/tex/latex/fancyvrb/fancyvrb.sty
Package: fancyvrb 2008/02/07

Style option: `fancyvrb' v2.7a, with DG/SPQR fixes, and firstline=lastline fix 
<2008/02/07> (tvz)
\FV@CodeLineNo=\count123
\FV@InFile=\read2
\FV@TabBox=\box60
\c@FancyVerbLine=\count124
\FV@StepNumber=\count125
\FV@OutFile=\write4
)
(/opt/local/share/texmf-texlive-dist/tex/latex/amsfonts/amssymb.sty
Package: amssymb 2009/06/22 v3.00

(/opt/local/share/texmf-texlive-dist/tex/latex/amsfonts/amsfonts.sty
Package: amsfonts 2009/06/22 v3.00 Basic AMSFonts support
\symAMSa=\mathgroup4
\symAMSb=\mathgroup5
LaTeX Font Info:    Overwriting math alphabet `\mathfrak' in version `bold'
(Font)                  U/euf/m/n --> U/euf/b/n on input line 96.
))
(/opt/local/share/texmf-texlive-dist/tex/latex/float/float.sty
Package: float 2001/11/08 v1.3d Float enhancements (AL)
\c@float@type=\count126
\float@exts=\toks39
\float@box=\box61
\@float@everytoks=\toks40
\@floatcapt=\box62
)
(./algorithmic.sty
Package: algorithmic 2009/08/24 v0.1 Document Style `algorithmic'
\c@ALC@unique=\count127
\c@ALC@line=\count128
\c@ALC@rem=\count129
\c@ALC@depth=\count130
\ALC@tlm=\skip53
\algorithmicindent=\skip54
) (./algorithm.sty
Package: algorithm 2009/08/24 v0.1 Document Style `algorithm' - floating enviro
nment
\@float@every@algorithm=\toks41
\c@algorithm=\count131
)
(/opt/local/share/texmf-texlive-dist/tex/latex/base/alltt.sty
Package: alltt 1997/06/16 v2.0g defines alltt environment
)
(/opt/local/share/texmf-texlive-dist/tex/latex/booktabs/booktabs.sty
Package: booktabs 2005/04/14 v1.61803 publication quality tables
\heavyrulewidth=\dimen140
\lightrulewidth=\dimen141
\cmidrulewidth=\dimen142
\belowrulesep=\dimen143
\belowbottomsep=\dimen144
\aboverulesep=\dimen145
\abovetopsep=\dimen146
\cmidrulesep=\dimen147
\cmidrulekern=\dimen148
\defaultaddspace=\dimen149
\@cmidla=\count132
\@cmidlb=\count133
\@aboverulesep=\dimen150
\@belowrulesep=\dimen151
\@thisruleclass=\count134
\@lastruleclass=\count135
\@thisrulewidth=\dimen152
)
\@float@every@codigo=\toks42
\c@codigo=\count136

(./agrupamento.aux)
\openout1 = `agrupamento.aux'.

LaTeX Font Info:    Checking defaults for OML/cmm/m/it on input line 19.
LaTeX Font Info:    ... okay on input line 19.
LaTeX Font Info:    Checking defaults for T1/cmr/m/n on input line 19.
LaTeX Font Info:    ... okay on input line 19.
LaTeX Font Info:    Checking defaults for OT1/cmr/m/n on input line 19.
LaTeX Font Info:    ... okay on input line 19.
LaTeX Font Info:    Checking defaults for OMS/cmsy/m/n on input line 19.
LaTeX Font Info:    ... okay on input line 19.
LaTeX Font Info:    Checking defaults for OMX/cmex/m/n on input line 19.
LaTeX Font Info:    ... okay on input line 19.
LaTeX Font Info:    Checking defaults for U/cmr/m/n on input line 19.
LaTeX Font Info:    ... okay on input line 19.
LaTeX Font Info:    Checking defaults for PD1/pdf/m/n on input line 19.
LaTeX Font Info:    ... okay on input line 19.

(/opt/local/share/texmf-texlive-dist/tex/context/base/supp-pdf.mkii
[Loading MPS to PDF converter (version 2006.09.02).]
\scratchcounter=\count137
\scratchdimen=\dimen153
\scratchbox=\box63
\nofMPsegments=\count138
\nofMParguments=\count139
\everyMPshowfont=\toks43
\MPscratchCnt=\count140
\MPscratchDim=\dimen154
\MPnumerator=\count141
\everyMPtoPDFconversion=\toks44
) (/opt/local/share/texmf-texlive-dist/tex/latex/oberdiek/epstopdf-base.sty
Package: epstopdf-base 2010/02/09 v2.5 Base part for package epstopdf

(/opt/local/share/texmf-texlive-dist/tex/latex/oberdiek/grfext.sty
Package: grfext 2007/09/30 v1.0 Managing graphics extensions (HO)
)
Package grfext Info: Graphics extension search list:
(grfext)             [.png,.pdf,.jpg,.mps,.jpeg,.jbig2,.jb2,.PNG,.PDF,.JPG,.JPE
G,.JBIG2,.JB2,.eps]
(grfext)             \AppendGraphicsExtensions on input line 436.

(/opt/local/share/texmf-texlive-dist/tex/latex/latexconfig/epstopdf-sys.cfg
File: epstopdf-sys.cfg 2010/07/13 v1.3 Configuration of (r)epstopdf for TeX Liv
e
))
\AtBeginShipoutBox=\box64
Package hyperref Info: Link coloring ON on input line 19.

(/opt/local/share/texmf-texlive-dist/tex/latex/hyperref/nameref.sty
Package: nameref 2010/04/30 v2.40 Cross-referencing by name of section

(/opt/local/share/texmf-texlive-dist/tex/latex/oberdiek/refcount.sty
Package: refcount 2008/08/11 v3.1 Data extraction from references (HO)
)
(/opt/local/share/texmf-texlive-dist/tex/generic/oberdiek/gettitlestring.sty
Package: gettitlestring 2009/12/18 v1.3 Cleanup title references (HO)
)
\c@section@level=\count142
)
LaTeX Info: Redefining \ref on input line 19.
LaTeX Info: Redefining \pageref on input line 19.
LaTeX Info: Redefining \nameref on input line 19.

(./agrupamento.out) (./agrupamento.out)
\@outlinefile=\write5
\openout5 = `agrupamento.out'.


(/opt/local/share/texmf-texlive-dist/tex/latex/amsfonts/umsa.fd)
(/opt/local/share/texmf-texlive-dist/tex/latex/amsfonts/umsb.fd)
Overfull \hbox (1.83334pt too wide) has occurred while \output is active
[] 
 []


Overfull \hbox (1.83334pt too wide) has occurred while \output is active
[][] 
 []

[1


pdfTeX warning (ext4): destination with the same identifier (name{1.-1}) has be
en already used, duplicate ignored

\AtBegShi@Output ...ipout \box \AtBeginShipoutBox 
                                                  \fi \fi 
l.42 \maketitle
               {/opt/local/var/db/texmf/fonts/map/pdftex/updmap/pdftex.map}]
Overfull \hbox (1.83334pt too wide) has occurred while \output is active
[] 
 []


Overfull \hbox (1.83334pt too wide) has occurred while \output is active
[][] 
 []

[2

pdfTeX warning (ext4): destination with the same identifier (name{2.0}) has bee
n already used, duplicate ignored

\AtBegShi@Output ...ipout \box \AtBeginShipoutBox 
                                                  \fi \fi 
l.62 \end{Slide}
                ]

LaTeX Font Warning: Font shape `OT1/cmss/m/sc' in size <24.88> not available
(Font)              Font shape `OT1/cmr/m/sc' tried instead on input line 65.


Overfull \hbox (1.83334pt too wide) has occurred while \output is active
[] 
 []


Overfull \hbox (1.83334pt too wide) has occurred while \output is active
[][] 
 []

[3

pdfTeX warning (ext4): destination with the same identifier (name{3.-1}) has be
en already used, duplicate ignored

\AtBegShi@Output ...ipout \box \AtBeginShipoutBox 
                                                  \fi \fi 
l.66 \end{PartSlide}
                    ]
Overfull \hbox (1.83334pt too wide) has occurred while \output is active
[] 
 []


Overfull \hbox (1.83334pt too wide) has occurred while \output is active
[][] 
 []

[4

pdfTeX warning (ext4): destination with the same identifier (name{4.0}) has bee
n already used, duplicate ignored

\AtBegShi@Output ...ipout \box \AtBeginShipoutBox 
                                                  \fi \fi 
l.90 \end{Slide}
                ]
Overfull \hbox (1.83334pt too wide) has occurred while \output is active
[] 
 []


Overfull \hbox (1.83334pt too wide) has occurred while \output is active
[][] 
 []

[5

pdfTeX warning (ext4): destination with the same identifier (name{5.0}) has bee
n already used, duplicate ignored

\AtBegShi@Output ...ipout \box \AtBeginShipoutBox 
                                                  \fi \fi 
l.108 \end{Slide}
                 ]
Overfull \hbox (1.83334pt too wide) has occurred while \output is active
[] 
 []


Overfull \hbox (1.83334pt too wide) has occurred while \output is active
[][] 
 []

[6

pdfTeX warning (ext4): destination with the same identifier (name{6.-1}) has be
en already used, duplicate ignored

\AtBegShi@Output ...ipout \box \AtBeginShipoutBox 
                                                  \fi \fi 
l.212 \end{PartSlide}
                     ]
Overfull \hbox (1.83334pt too wide) has occurred while \output is active
[] 
 []


Overfull \hbox (1.83334pt too wide) has occurred while \output is active
[][] 
 []

[7

pdfTeX warning (ext4): destination with the same identifier (name{7.0}) has bee
n already used, duplicate ignored

\AtBegShi@Output ...ipout \box \AtBeginShipoutBox 
                                                  \fi \fi 
l.222 \end{Slide}
                 ]
Overfull \hbox (1.83334pt too wide) has occurred while \output is active
[] 
 []


Overfull \hbox (1.83334pt too wide) has occurred while \output is active
[][] 
 []

[8

pdfTeX warning (ext4): destination with the same identifier (name{8.0}) has bee
n already used, duplicate ignored

\AtBegShi@Output ...ipout \box \AtBeginShipoutBox 
                                                  \fi \fi 
l.236 \end{Slide}
                 ]
Overfull \hbox (1.83334pt too wide) has occurred while \output is active
[] 
 []


Overfull \hbox (1.83334pt too wide) has occurred while \output is active
[][] 
 []

[9

pdfTeX warning (ext4): destination with the same identifier (name{9.0}) has bee
n already used, duplicate ignored

\AtBegShi@Output ...ipout \box \AtBeginShipoutBox 
                                                  \fi \fi 
l.249 \end{Slide}
                 ]

LaTeX Font Warning: Font shape `OT1/cmss/m/it' in size <14.4> not available
(Font)              Font shape `OT1/cmss/m/sl' tried instead on input line 251.


<figuras/agrupamentoPlanoVisual.pdf, id=195, 387.4475pt x 285.065pt>
File: figuras/agrupamentoPlanoVisual.pdf Graphic file (type pdf)

<use figuras/agrupamentoPlanoVisual.pdf>
Overfull \hbox (1.83334pt too wide) has occurred while \output is active
[] 
 []


Overfull \hbox (1.83334pt too wide) has occurred while \output is active
[][] 
 []

[10

pdfTeX warning (ext4): destination with the same identifier (name{10.0}) has be
en already used, duplicate ignored

\AtBegShi@Output ...ipout \box \AtBeginShipoutBox 
                                                  \fi \fi 
l.257 \end{Slide}
                  <./figuras/agrupamentoPlanoVisual.pdf>]
Overfull \hbox (1.83334pt too wide) has occurred while \output is active
[] 
 []


Overfull \hbox (1.83334pt too wide) has occurred while \output is active
[][] 
 []

[11

pdfTeX warning (ext4): destination with the same identifier (name{11.0}) has be
en already used, duplicate ignored

\AtBegShi@Output ...ipout \box \AtBeginShipoutBox 
                                                  \fi \fi 
l.266 \end{Slide}
                 ]
<figuras/agrupamentoHierarquico.pdf, id=211, 553.06625pt x 373.395pt>
File: figuras/agrupamentoHierarquico.pdf Graphic file (type pdf)

<use figuras/agrupamentoHierarquico.pdf>
Overfull \hbox (1.83334pt too wide) has occurred while \output is active
[] 
 []


Overfull \hbox (1.83334pt too wide) has occurred while \output is active
[][] 
 []

[12

pdfTeX warning (ext4): destination with the same identifier (name{12.0}) has be
en already used, duplicate ignored

\AtBegShi@Output ...ipout \box \AtBeginShipoutBox 
                                                  \fi \fi 
l.275 \end{Slide}
                  <./figuras/agrupamentoHierarquico.pdf>]
Overfull \hbox (1.83334pt too wide) has occurred while \output is active
[] 
 []


Overfull \hbox (1.83334pt too wide) has occurred while \output is active
[][] 
 []

[13

pdfTeX warning (ext4): destination with the same identifier (name{13.-1}) has b
een already used, duplicate ignored

\AtBegShi@Output ...ipout \box \AtBeginShipoutBox 
                                                  \fi \fi 
l.279 \end{PartSlide}
                     ]
Overfull \hbox (1.83334pt too wide) has occurred while \output is active
[] 
 []


Overfull \hbox (1.83334pt too wide) has occurred while \output is active
[][] 
 []

[14

pdfTeX warning (ext4): destination with the same identifier (name{14.0}) has be
en already used, duplicate ignored

\AtBegShi@Output ...ipout \box \AtBeginShipoutBox 
                                                  \fi \fi 
l.297 \end{Slide}
                 ]
Overfull \hbox (1.83334pt too wide) has occurred while \output is active
[] 
 []


Overfull \hbox (1.83334pt too wide) has occurred while \output is active
[][] 
 []

[15

pdfTeX warning (ext4): destination with the same identifier (name{15.0}) has be
en already used, duplicate ignored

\AtBegShi@Output ...ipout \box \AtBeginShipoutBox 
                                                  \fi \fi 
l.309 \end{Slide}
                 ]
<figuras/desenhoKmeans.pdf, id=236, 703.62875pt x 234.8775pt>
File: figuras/desenhoKmeans.pdf Graphic file (type pdf)

<use figuras/desenhoKmeans.pdf>
Overfull \hbox (1.83334pt too wide) has occurred while \output is active
[] 
 []


Overfull \hbox (1.83334pt too wide) has occurred while \output is active
[][] 
 []

[16

pdfTeX warning (ext4): destination with the same identifier (name{16.0}) has be
en already used, duplicate ignored

\AtBegShi@Output ...ipout \box \AtBeginShipoutBox 
                                                  \fi \fi 
l.320 \end{Slide}
                  <./figuras/desenhoKmeans.pdf>]
LaTeX Font Info:    Try loading font information for OMS+cmss on input line 327
.
LaTeX Font Info:    No file OMScmss.fd. on input line 327.


LaTeX Font Warning: Font shape `OMS/cmss/m/n' undefined
(Font)              using `OMS/cmsy/m/n' instead
(Font)              for symbol `textbraceleft' on input line 327.


Overfull \hbox (1.83334pt too wide) has occurred while \output is active
[] 
 []


Overfull \hbox (1.83334pt too wide) has occurred while \output is active
[][] 
 []

[17

pdfTeX warning (ext4): destination with the same identifier (name{17.0}) has be
en already used, duplicate ignored

\AtBegShi@Output ...ipout \box \AtBeginShipoutBox 
                                                  \fi \fi 
l.334 \newpage
              ]
Overfull \hbox (1.83334pt too wide) has occurred while \output is active
[] 
 []


Overfull \hbox (1.83334pt too wide) has occurred while \output is active
[][] 
 []

[18]
Overfull \hbox (1.83334pt too wide) has occurred while \output is active
[] 
 []


Overfull \hbox (1.83334pt too wide) has occurred while \output is active
[][] 
 []

[19

pdfTeX warning (ext4): destination with the same identifier (name{19.0}) has be
en already used, duplicate ignored

\AtBegShi@Output ...ipout \box \AtBeginShipoutBox 
                                                  \fi \fi 
l.363 \end{Slide}
                 ]
Overfull \hbox (1.83334pt too wide) has occurred while \output is active
[] 
 []


Overfull \hbox (1.83334pt too wide) has occurred while \output is active
[][] 
 []

[20

pdfTeX warning (ext4): destination with the same identifier (name{20.-1}) has b
een already used, duplicate ignored

\AtBegShi@Output ...ipout \box \AtBeginShipoutBox 
                                                  \fi \fi 
l.368 \end{PartSlide}
                     ] <figuras/iris.pdf, id=284, 251.94125pt x 201.75375pt>
File: figuras/iris.pdf Graphic file (type pdf)

<use figuras/iris.pdf>

LaTeX Warning: Slide 21 overfull by 9.83377pt on input line 383.


Overfull \hbox (1.83334pt too wide) has occurred while \output is active
[] 
 []


Overfull \hbox (1.83334pt too wide) has occurred while \output is active
[][] 
 []

[21

pdfTeX warning (ext4): destination with the same identifier (name{21.0}) has be
en already used, duplicate ignored

\AtBegShi@Output ...ipout \box \AtBeginShipoutBox 
                                                  \fi \fi 
l.383 \end{Slide}
                  <./figuras/iris.pdf>]
Overfull \hbox (1.83334pt too wide) has occurred while \output is active
[] 
 []


Overfull \hbox (1.83334pt too wide) has occurred while \output is active
[][] 
 []

[22

pdfTeX warning (ext4): destination with the same identifier (name{22.0}) has be
en already used, duplicate ignored

\AtBegShi@Output ...ipout \box \AtBeginShipoutBox 
                                                  \fi \fi 
l.394 \end{Slide}
                 ]
<figuras/agrupamentoPlano.pdf, id=300, 534.99875pt x 207.77625pt>
File: figuras/agrupamentoPlano.pdf Graphic file (type pdf)

<use figuras/agrupamentoPlano.pdf>
Overfull \hbox (1.83334pt too wide) has occurred while \output is active
[] 
 []


Overfull \hbox (1.83334pt too wide) has occurred while \output is active
[][] 
 []

[23

pdfTeX warning (ext4): destination with the same identifier (name{23.0}) has be
en already used, duplicate ignored

\AtBegShi@Output ...ipout \box \AtBeginShipoutBox 
                                                  \fi \fi 
l.404 \newpage
               <./figuras/agrupamentoPlano.pdf>]
File: figuras/agrupamentoPlanoVisual.pdf Graphic file (type pdf)

<use figuras/agrupamentoPlanoVisual.pdf>
Overfull \hbox (1.83334pt too wide) has occurred while \output is active
[] 
 []


Overfull \hbox (1.83334pt too wide) has occurred while \output is active
[][] 
 []

[24] <figuras/agrupamentoPlanoVisual_2.pdf, id=314, 466.74374pt x 312.16624pt>
File: figuras/agrupamentoPlanoVisual_2.pdf Graphic file (type pdf)

<use figuras/agrupamentoPlanoVisual_2.pdf>
Overfull \hbox (1.83334pt too wide) has occurred while \output is active
[] 
 []


Overfull \hbox (1.83334pt too wide) has occurred while \output is active
[][] 
 []

[25 <./figuras/agrupamentoPlanoVisual_2.pdf>]
<figuras/elbowMethod.png, id=323, 719.68875pt x 522.95375pt>
File: figuras/elbowMethod.png Graphic file (type png)

<use figuras/elbowMethod.png>
Overfull \hbox (1.83334pt too wide) has occurred while \output is active
[] 
 []


Overfull \hbox (1.83334pt too wide) has occurred while \output is active
[][] 
 []

[26

pdfTeX warning (ext4): destination with the same identifier (name{26.0}) has be
en already used, duplicate ignored

\AtBegShi@Output ...ipout \box \AtBeginShipoutBox 
                                                  \fi \fi 
l.494 \end{Slide}
                  <./figuras/elbowMethod.png>]
Overfull \hbox (1.83334pt too wide) has occurred while \output is active
[] 
 []


Overfull \hbox (1.83334pt too wide) has occurred while \output is active
[][] 
 []

[27

pdfTeX warning (ext4): destination with the same identifier (name{27.-1}) has b
een already used, duplicate ignored

\AtBegShi@Output ...ipout \box \AtBeginShipoutBox 
                                                  \fi \fi 
l.507 \end{PartSlide}
                     ]
Overfull \hbox (1.83334pt too wide) has occurred while \output is active
[] 
 []


Overfull \hbox (1.83334pt too wide) has occurred while \output is active
[][] 
 []

[28

pdfTeX warning (ext4): destination with the same identifier (name{28.0}) has be
en already used, duplicate ignored

\AtBegShi@Output ...ipout \box \AtBeginShipoutBox 
                                                  \fi \fi 
l.518 \end{Slide}
                 ]
Overfull \hbox (1.83334pt too wide) has occurred while \output is active
[] 
 []


Overfull \hbox (1.83334pt too wide) has occurred while \output is active
[][] 
 []

[29

pdfTeX warning (ext4): destination with the same identifier (name{29.0}) has be
en already used, duplicate ignored

\AtBegShi@Output ...ipout \box \AtBeginShipoutBox 
                                                  \fi \fi 
l.530 \newpage
              ]
Overfull \hbox (1.83334pt too wide) has occurred while \output is active
[] 
 []


Overfull \hbox (1.83334pt too wide) has occurred while \output is active
[][] 
 []

[30]
Overfull \hbox (1.83334pt too wide) has occurred while \output is active
[] 
 []


Overfull \hbox (1.83334pt too wide) has occurred while \output is active
[][] 
 []

[31

pdfTeX warning (ext4): destination with the same identifier (name{31.0}) has be
en already used, duplicate ignored

\AtBegShi@Output ...ipout \box \AtBeginShipoutBox 
                                                  \fi \fi 
l.558 \end{Slide}
                 ]
Overfull \hbox (1.83334pt too wide) has occurred while \output is active
[] 
 []


Overfull \hbox (1.83334pt too wide) has occurred while \output is active
[][] 
 []

[32

pdfTeX warning (ext4): destination with the same identifier (name{32.0}) has be
en already used, duplicate ignored

\AtBegShi@Output ...ipout \box \AtBeginShipoutBox 
                                                  \fi \fi 
l.578 \newpage
              ] <figuras/pontos.pdf, id=374, 697.60625pt x 516.93124pt>
File: figuras/pontos.pdf Graphic file (type pdf)

<use figuras/pontos.pdf>

LaTeX Warning: Slide 33 overfull by 6.00217pt on input line 585.


Overfull \vbox (4.00217pt too high) has occurred while \output is active []


Overfull \hbox (1.83334pt too wide) has occurred while \output is active
[] 
 []


Overfull \hbox (1.83334pt too wide) has occurred while \output is active
[][] 
 []

[33 <./figuras/pontos.pdf>]
Overfull \hbox (1.83334pt too wide) has occurred while \output is active
[] 
 []


Overfull \hbox (1.83334pt too wide) has occurred while \output is active
[][] 
 []

[34

pdfTeX warning (ext4): destination with the same identifier (name{34.0}) has be
en already used, duplicate ignored

\AtBegShi@Output ...ipout \box \AtBeginShipoutBox 
                                                  \fi \fi 
l.607 \end{Slide}
                 ]

LaTeX Warning: Slide 35 overfull by 4.42583pt on input line 607.


Overfull \vbox (2.42583pt too high) has occurred while \output is active []


Overfull \hbox (1.83334pt too wide) has occurred while \output is active
[] 
 []


Overfull \hbox (1.83334pt too wide) has occurred while \output is active
[][] 
 []

[35]
Overfull \hbox (1.83334pt too wide) has occurred while \output is active
[] 
 []


Overfull \hbox (1.83334pt too wide) has occurred while \output is active
[][] 
 []

[36

pdfTeX warning (ext4): destination with the same identifier (name{36.0}) has be
en already used, duplicate ignored

\AtBegShi@Output ...ipout \box \AtBeginShipoutBox 
                                                  \fi \fi 
l.618 \end{Slide}
                 ]
Overfull \hbox (1.83334pt too wide) has occurred while \output is active
[] 
 []


Overfull \hbox (1.83334pt too wide) has occurred while \output is active
[][] 
 []

[37

pdfTeX warning (ext4): destination with the same identifier (name{37.0}) has be
en already used, duplicate ignored

\AtBegShi@Output ...ipout \box \AtBeginShipoutBox 
                                                  \fi \fi 
l.626 \end{Slide}
                 ]
Overfull \hbox (1.83334pt too wide) has occurred while \output is active
[] 
 []


Overfull \hbox (1.83334pt too wide) has occurred while \output is active
[][] 
 []

[38

pdfTeX warning (ext4): destination with the same identifier (name{38.-1}) has b
een already used, duplicate ignored

\AtBegShi@Output ...ipout \box \AtBeginShipoutBox 
                                                  \fi \fi 
l.630 \end{PartSlide}
                     ]
Overfull \hbox (1.83334pt too wide) has occurred while \output is active
[] 
 []


Overfull \hbox (1.83334pt too wide) has occurred while \output is active
[][] 
 []

[39

pdfTeX warning (ext4): destination with the same identifier (name{39.0}) has be
en already used, duplicate ignored

\AtBegShi@Output ...ipout \box \AtBeginShipoutBox 
                                                  \fi \fi 
l.643 \end{Slide}
                 ]
Overfull \hbox (1.83334pt too wide) has occurred while \output is active
[] 
 []


Overfull \hbox (1.83334pt too wide) has occurred while \output is active
[][] 
 []

[40

pdfTeX warning (ext4): destination with the same identifier (name{40.0}) has be
en already used, duplicate ignored

\AtBegShi@Output ...ipout \box \AtBeginShipoutBox 
                                                  \fi \fi 
l.658 \end{Slide}
                 ] (./agrupamento.bbl

LaTeX Font Warning: Font shape `OT1/cmss/m/it' in size <10> not available
(Font)              Font shape `OT1/cmss/m/sl' tried instead on input line 5.

)

*******************************************************
***** !! PRINT THIS DOCUMENT IN LANDSCAPE MODE !! *****
*******************************************************
Package atveryend Info: Empty hook `BeforeClearDocument' on input line 664.
[40]
Package atveryend Info: Empty hook `AfterLastShipout' on input line 664.
 (./agrupamento.aux)
Package atveryend Info: Executing hook `AtVeryEndDocument' on input line 664.
Package rerunfilecheck Info: File `agrupamento.out' has not changed.
(rerunfilecheck)             Checksum: CF00E4A451212EB0D1E46A3875598813;2162.


LaTeX Font Warning: Some font shapes were not available, defaults substituted.

 )
(\end occurred inside a group at level 1)

### simple group (level 1) entered at line 130 ({)
### bottom level 
Here is how much of TeX's memory you used:
 7496 strings out of 494770
 107463 string characters out of 3171403
 193590 words of memory out of 3000000
 10376 multiletter control sequences out of 15000+200000
 10487 words of font info for 39 fonts, out of 3000000 for 9000
 134 hyphenation exceptions out of 8191
 41i,19n,24p,260b,865s stack positions out of 5000i,500n,10000p,200000b,50000s
</opt/local/share/texmf-texlive-dist/fonts/type1/public/amsfont
s/cm/cmcsc10.pfb></opt/local/share/texmf-texlive-dist/fonts/type1/public/amsfon
ts/cm/cmex10.pfb></opt/local/share/texmf-texlive-dist/fonts/type1/public/amsfon
ts/cm/cmmi10.pfb></opt/local/share/texmf-texlive-dist/fonts/type1/public/amsfon
ts/cm/cmmi5.pfb></opt/local/share/texmf-texlive-dist/fonts/type1/public/amsfont
s/cm/cmmi7.pfb></opt/local/share/texmf-texlive-dist/fonts/type1/public/amsfonts
/cm/cmr10.pfb></opt/local/share/texmf-texlive-dist/fonts/type1/public/amsfonts/
cm/cmr5.pfb></opt/local/share/texmf-texlive-dist/fonts/type1/public/amsfonts/cm
/cmr7.pfb></opt/local/share/texmf-texlive-dist/fonts/type1/public/amsfonts/cm/c
mss10.pfb></opt/local/share/texmf-texlive-dist/fonts/type1/public/amsfonts/cm/c
mss12.pfb></opt/local/share/texmf-texlive-dist/fonts/type1/public/amsfonts/cm/c
mss17.pfb></opt/local/share/texmf-texlive-dist/fonts/type1/public/amsfonts/cm/c
mss8.pfb></opt/local/share/texmf-texlive-dist/fonts/type1/public/amsfonts/cm/cm
ss9.pfb></opt/local/share/texmf-texlive-dist/fonts/type1/public/amsfonts/cm/cms
sbx10.pfb></opt/local/share/texmf-texlive-dist/fonts/type1/public/amsfonts/cm/c
mssi10.pfb></opt/local/share/texmf-texlive-dist/fonts/type1/public/amsfonts/cm/
cmssi12.pfb></opt/local/share/texmf-texlive-dist/fonts/type1/public/amsfonts/cm
/cmssi8.pfb></opt/local/share/texmf-texlive-dist/fonts/type1/public/amsfonts/cm
/cmsy10.pfb></opt/local/share/texmf-texlive-dist/fonts/type1/public/amsfonts/cm
/cmsy7.pfb></opt/local/share/texmf-texlive-dist/fonts/type1/public/amsfonts/cm/
cmtt8.pfb>
Output written on agrupamento.pdf (41 pages, 361504 bytes).
PDF statistics:
 536 PDF objects out of 1000 (max. 8388607)
 454 compressed objects within 5 object streams
 145 named destinations out of 1000 (max. 500000)
 313 words of extra memory for PDF output out of 10000 (max. 10000000)

